[02-Jun-2017 22:32:01 UTC] PHP Warning:  mysqli_connect(): (28000/1045): Access denied for user 'root'@'10.2.1.11' (using password: YES) in /home/u398362643/public_html/db.php on line 7
[02-Jun-2017 22:32:01 UTC] PHP Warning:  mysqli_select_db() expects parameter 1 to be mysqli, boolean given in /home/u398362643/public_html/db.php on line 9
[02-Jun-2017 22:32:08 UTC] PHP Warning:  mysqli_connect(): (28000/1045): Access denied for user 'root'@'10.2.1.11' (using password: YES) in /home/u398362643/public_html/db.php on line 7
[02-Jun-2017 22:32:08 UTC] PHP Warning:  mysqli_select_db() expects parameter 1 to be mysqli, boolean given in /home/u398362643/public_html/db.php on line 9
[02-Jun-2017 22:32:23 UTC] PHP Warning:  mysqli::mysqli(): (28000/1045): Access denied for user 'root'@'10.2.1.11' (using password: YES) in /home/u398362643/public_html/admin/core/database.php on line 22
[02-Jun-2017 22:32:23 UTC] PHP Warning:  mysqli::query(): Couldn't fetch mysqli in /home/u398362643/public_html/admin/core/database.php on line 25
[02-Jun-2017 22:32:23 UTC] PHP Warning:  mysqli::close(): Couldn't fetch mysqli in /home/u398362643/public_html/admin/core/database.php on line 31
[02-Jun-2017 22:43:36 UTC] PHP Fatal error:  Call to a member function fetch_assoc() on boolean in /home/u398362643/public_html/admin/core/database.php on line 58
[02-Jun-2017 22:43:41 UTC] PHP Fatal error:  Call to a member function fetch_assoc() on boolean in /home/u398362643/public_html/admin/core/database.php on line 58
[02-Jun-2017 22:43:49 UTC] PHP Fatal error:  Call to a member function fetch_assoc() on boolean in /home/u398362643/public_html/admin/core/database.php on line 58
[02-Jun-2017 22:44:12 UTC] PHP Notice:  Undefined variable: news in /home/u398362643/public_html/admin/pages/page.read.admin.php on line 7
[02-Jun-2017 22:44:12 UTC] PHP Warning:  Invalid argument supplied for foreach() in /home/u398362643/public_html/admin/pages/page.read.admin.php on line 7
[02-Jun-2017 22:52:30 UTC] PHP Fatal error:  Call to a member function fetch_assoc() on boolean in /home/u398362643/public_html/admin/core/database.php on line 58
[02-Jun-2017 22:52:37 UTC] PHP Fatal error:  Call to a member function fetch_assoc() on boolean in /home/u398362643/public_html/admin/core/database.php on line 58
[02-Jun-2017 23:00:05 UTC] PHP Fatal error:  Call to a member function fetch_assoc() on boolean in /home/u398362643/public_html/admin/core/database.php on line 58
[02-Jun-2017 23:01:29 UTC] PHP Fatal error:  Call to a member function fetch_assoc() on boolean in /home/u398362643/public_html/admin/core/database.php on line 47
[02-Jun-2017 23:01:31 UTC] PHP Fatal error:  Call to a member function fetch_assoc() on boolean in /home/u398362643/public_html/admin/core/database.php on line 58
[02-Jun-2017 23:02:45 UTC] PHP Notice:  Undefined variable: news in /home/u398362643/public_html/admin/pages/page.read.admin.php on line 7
[02-Jun-2017 23:02:45 UTC] PHP Warning:  Invalid argument supplied for foreach() in /home/u398362643/public_html/admin/pages/page.read.admin.php on line 7
[02-Jun-2017 23:07:06 UTC] PHP Notice:  Undefined variable: news in /home/u398362643/public_html/admin/pages/page.read.admin.php on line 7
[02-Jun-2017 23:07:06 UTC] PHP Warning:  Invalid argument supplied for foreach() in /home/u398362643/public_html/admin/pages/page.read.admin.php on line 7
[02-Jun-2017 23:07:07 UTC] PHP Notice:  Undefined variable: news in /home/u398362643/public_html/admin/pages/page.read.admin.php on line 7
[02-Jun-2017 23:07:07 UTC] PHP Warning:  Invalid argument supplied for foreach() in /home/u398362643/public_html/admin/pages/page.read.admin.php on line 7
[02-Jun-2017 23:07:11 UTC] PHP Notice:  Undefined variable: news in /home/u398362643/public_html/admin/pages/page.read.admin.php on line 7
[02-Jun-2017 23:07:11 UTC] PHP Warning:  Invalid argument supplied for foreach() in /home/u398362643/public_html/admin/pages/page.read.admin.php on line 7
[02-Jun-2017 23:07:53 UTC] PHP Notice:  Undefined variable: news in /home/u398362643/public_html/admin/pages/page.read.admin.php on line 7
[02-Jun-2017 23:07:53 UTC] PHP Warning:  Invalid argument supplied for foreach() in /home/u398362643/public_html/admin/pages/page.read.admin.php on line 7
[02-Jun-2017 23:08:04 UTC] PHP Notice:  Undefined variable: news in /home/u398362643/public_html/admin/pages/page.read.admin.php on line 7
[02-Jun-2017 23:08:04 UTC] PHP Warning:  Invalid argument supplied for foreach() in /home/u398362643/public_html/admin/pages/page.read.admin.php on line 7
[02-Jun-2017 23:08:05 UTC] PHP Notice:  Undefined variable: news in /home/u398362643/public_html/admin/pages/page.read.admin.php on line 7
[02-Jun-2017 23:08:05 UTC] PHP Warning:  Invalid argument supplied for foreach() in /home/u398362643/public_html/admin/pages/page.read.admin.php on line 7
[02-Jun-2017 23:13:01 UTC] PHP Notice:  Undefined variable: news in /home/u398362643/public_html/admin/pages/page.read.admin.php on line 7
[02-Jun-2017 23:13:01 UTC] PHP Warning:  Invalid argument supplied for foreach() in /home/u398362643/public_html/admin/pages/page.read.admin.php on line 7
[03-Jun-2017 09:07:34 UTC] PHP Notice:  Undefined variable: news in /home/u398362643/public_html/admin/pages/page.read.admin.php on line 7
[03-Jun-2017 09:07:34 UTC] PHP Warning:  Invalid argument supplied for foreach() in /home/u398362643/public_html/admin/pages/page.read.admin.php on line 7
[03-Jun-2017 16:34:22 UTC] PHP Notice:  Undefined variable: departaments in /home/u398362643/public_html/admin/pages/page.edit.users.php on line 79
[03-Jun-2017 16:34:22 UTC] PHP Warning:  Invalid argument supplied for foreach() in /home/u398362643/public_html/admin/pages/page.edit.users.php on line 79
[03-Jun-2017 16:34:30 UTC] PHP Notice:  Undefined variable: departaments in /home/u398362643/public_html/admin/pages/page.edit.users.php on line 79
[03-Jun-2017 16:34:30 UTC] PHP Warning:  Invalid argument supplied for foreach() in /home/u398362643/public_html/admin/pages/page.edit.users.php on line 79
[03-Jun-2017 16:34:41 UTC] PHP Notice:  Undefined variable: departaments in /home/u398362643/public_html/admin/pages/page.edit.users.php on line 79
[03-Jun-2017 16:34:41 UTC] PHP Warning:  Invalid argument supplied for foreach() in /home/u398362643/public_html/admin/pages/page.edit.users.php on line 79
[03-Jun-2017 16:35:11 UTC] PHP Notice:  Undefined variable: departaments in /home/u398362643/public_html/admin/pages/page.edit.users.php on line 79
[03-Jun-2017 16:35:11 UTC] PHP Warning:  Invalid argument supplied for foreach() in /home/u398362643/public_html/admin/pages/page.edit.users.php on line 79
[03-Jun-2017 16:38:09 UTC] PHP Notice:  Undefined index: name_id in /home/u398362643/public_html/admin/pages/page.read.users.php on line 16
[05-Jun-2017 19:25:48 UTC] PHP Notice:  Undefined variable: departaments in /home/u398362643/public_html/admin/pages/page.edit.users.php on line 79
[05-Jun-2017 19:25:48 UTC] PHP Warning:  Invalid argument supplied for foreach() in /home/u398362643/public_html/admin/pages/page.edit.users.php on line 79
[05-Jun-2017 19:26:03 UTC] PHP Notice:  Undefined variable: departaments in /home/u398362643/public_html/admin/pages/page.edit.users.php on line 79
[05-Jun-2017 19:26:03 UTC] PHP Warning:  Invalid argument supplied for foreach() in /home/u398362643/public_html/admin/pages/page.edit.users.php on line 79
[05-Jun-2017 19:26:08 UTC] PHP Notice:  Undefined index: name_id in /home/u398362643/public_html/admin/pages/page.read.users.php on line 16
[05-Jun-2017 19:29:10 UTC] PHP Notice:  Undefined index: name_id in /home/u398362643/public_html/admin/pages/page.read.users.php on line 16
[05-Jun-2017 19:29:14 UTC] PHP Notice:  Undefined variable: departaments in /home/u398362643/public_html/admin/pages/page.edit.users.php on line 79
[05-Jun-2017 19:29:14 UTC] PHP Warning:  Invalid argument supplied for foreach() in /home/u398362643/public_html/admin/pages/page.edit.users.php on line 79
[05-Jun-2017 19:29:30 UTC] PHP Notice:  Undefined variable: departaments in /home/u398362643/public_html/admin/pages/page.edit.users.php on line 79
[05-Jun-2017 19:29:30 UTC] PHP Warning:  Invalid argument supplied for foreach() in /home/u398362643/public_html/admin/pages/page.edit.users.php on line 79
[05-Jun-2017 19:29:30 UTC] PHP Notice:  Undefined variable: departaments in /home/u398362643/public_html/admin/pages/page.edit.users.php on line 79
[05-Jun-2017 19:29:30 UTC] PHP Warning:  Invalid argument supplied for foreach() in /home/u398362643/public_html/admin/pages/page.edit.users.php on line 79
[05-Jun-2017 19:29:55 UTC] PHP Notice:  Undefined variable: departaments in /home/u398362643/public_html/admin/pages/page.edit.users.php on line 79
[05-Jun-2017 19:29:55 UTC] PHP Warning:  Invalid argument supplied for foreach() in /home/u398362643/public_html/admin/pages/page.edit.users.php on line 79
[05-Jun-2017 19:30:22 UTC] PHP Notice:  Undefined variable: departaments in /home/u398362643/public_html/admin/pages/page.edit.users.php on line 79
[05-Jun-2017 19:30:22 UTC] PHP Warning:  Invalid argument supplied for foreach() in /home/u398362643/public_html/admin/pages/page.edit.users.php on line 79
[05-Jun-2017 19:30:33 UTC] PHP Notice:  Undefined variable: departaments in /home/u398362643/public_html/admin/pages/page.edit.users.php on line 79
[05-Jun-2017 19:30:33 UTC] PHP Warning:  Invalid argument supplied for foreach() in /home/u398362643/public_html/admin/pages/page.edit.users.php on line 79
